Determining if the pthread_create exist failed with the following output:
Change Dir: /home/rafi/ros_workspaces/final_project/c106a-project2/build/CMakeFiles/CMakeTmp

Run Build Command:"/usr/bin/make" "cmTC_5e167/fast"
/usr/bin/make -f CMakeFiles/cmTC_5e167.dir/build.make CMakeFiles/cmTC_5e167.dir/build
make[1]: Entering directory '/home/rafi/ros_workspaces/final_project/c106a-project2/build/CMakeFiles/CMakeTmp'
Building C object CMakeFiles/cmTC_5e167.dir/CheckSymbolExists.c.o
/usr/bin/cc     -o CMakeFiles/cmTC_5e167.dir/CheckSymbolExists.c.o   -c /home/rafi/ros_workspaces/final_project/c106a-project2/build/CMakeFiles/CMakeTmp/CheckSymbolExists.c
Linking C executable cmTC_5e167
/usr/bin/cmake -E cmake_link_script CMakeFiles/cmTC_5e167.dir/link.txt --verbose=1
/usr/bin/cc       CMakeFiles/cmTC_5e167.dir/CheckSymbolExists.c.o  -o cmTC_5e167 -rdynamic 
CMakeFiles/cmTC_5e167.dir/CheckSymbolExists.c.o: In function `main':
CheckSymbolExists.c:(.text+0x16): undefined reference to `pthread_create'
collect2: error: ld returned 1 exit status
CMakeFiles/cmTC_5e167.dir/build.make:97: recipe for target 'cmTC_5e167' failed
make[1]: *** [cmTC_5e167] Error 1
make[1]: Leaving directory '/home/rafi/ros_workspaces/final_project/c106a-project2/build/CMakeFiles/CMakeTmp'
Makefile:126: recipe for target 'cmTC_5e167/fast' failed
make: *** [cmTC_5e167/fast] Error 2

File /home/rafi/ros_workspaces/final_project/c106a-project2/build/CMakeFiles/CMakeTmp/CheckSymbolExists.c:
/* */
#include <pthread.h>

int main(int argc, char** argv)
{
  (void)argv;
#ifndef pthread_create
  return ((int*)(&pthread_create))[argc];
#else
  (void)argc;
  return 0;
#endif
}

Determining if the function pthread_create exists in the pthreads failed with the following output:
Change Dir: /home/rafi/ros_workspaces/final_project/c106a-project2/build/CMakeFiles/CMakeTmp

Run Build Command:"/usr/bin/make" "cmTC_7759d/fast"
/usr/bin/make -f CMakeFiles/cmTC_7759d.dir/build.make CMakeFiles/cmTC_7759d.dir/build
make[1]: Entering directory '/home/rafi/ros_workspaces/final_project/c106a-project2/build/CMakeFiles/CMakeTmp'
Building C object CMakeFiles/cmTC_7759d.dir/CheckFunctionExists.c.o
/usr/bin/cc    -DCHECK_FUNCTION_EXISTS=pthread_create   -o CMakeFiles/cmTC_7759d.dir/CheckFunctionExists.c.o   -c /usr/share/cmake-3.5/Modules/CheckFunctionExists.c
Linking C executable cmTC_7759d
/usr/bin/cmake -E cmake_link_script CMakeFiles/cmTC_7759d.dir/link.txt --verbose=1
/usr/bin/cc   -DCHECK_FUNCTION_EXISTS=pthread_create    CMakeFiles/cmTC_7759d.dir/CheckFunctionExists.c.o  -o cmTC_7759d -rdynamic -lpthreads 
/usr/bin/ld: cannot find -lpthreads
collect2: error: ld returned 1 exit status
CMakeFiles/cmTC_7759d.dir/build.make:97: recipe for target 'cmTC_7759d' failed
make[1]: *** [cmTC_7759d] Error 1
make[1]: Leaving directory '/home/rafi/ros_workspaces/final_project/c106a-project2/build/CMakeFiles/CMakeTmp'
Makefile:126: recipe for target 'cmTC_7759d/fast' failed
make: *** [cmTC_7759d/fast] Error 2


